{"/Users/cosancakici/Documents/Home/projects/dataminer1/src/routes/getAllUsers.ts": {"path":"/Users/cosancakici/Documents/Home/projects/dataminer1/src/routes/getAllUsers.ts","statementMap":{"0":{"start":{"line":5,"column":18},"end":{"line":14,"column":null}},"1":{"start":{"line":16,"column":4},"end":{"line":16,"column":25}},"2":{"start":{"line":17,"column":4},"end":{"line":17,"column":24}},"3":{"start":{"line":3,"column":0},"end":{"line":3,"column":24}}},"fnMap":{"0":{"name":"getAllUsers","decl":{"start":{"line":3,"column":24},"end":{"line":3,"column":35}},"loc":{"start":{"line":3,"column":63},"end":{"line":18,"column":1}}}},"branchMap":{},"s":{"0":1,"1":1,"2":1,"3":1},"f":{"0":1},"b":{}}
}
